\BOOKMARK [1][-]{section.1}{\376\377\000U\000s\000e\000f\000u\000l\000\040\000R\000u\000l\000e\000s\000,\000\040\000V\000a\000l\000u\000e\000s\000\040\000a\000n\000d\000\040\000I\000d\000e\000n\000t\000i\000t\000i\000e\000s}{}% 1
\BOOKMARK [1][-]{section.2}{\376\377\000S\000i\000l\000l\000y\000\040\000B\000l\000u\000n\000d\000e\000r\000s}{}% 2
\BOOKMARK [1][-]{section.3}{\376\377\000U\000n\000i\000t\000\040\0001\000/\0002\000\040\000A\000s\000s\000u\000m\000e\000d\000\040\000K\000n\000o\000w\000l\000e\000d\000g\000e}{}% 3
\BOOKMARK [2][-]{subsection.3.1}{\376\377\000S\000e\000q\000u\000e\000n\000c\000e\000s\000\040\000a\000n\000d\000\040\000S\000e\000r\000i\000e\000s}{section.3}% 4
\BOOKMARK [2][-]{subsection.3.2}{\376\377\000N\000o\000n\000-\000L\000i\000n\000e\000a\000r\000\040\000R\000e\000l\000a\000t\000i\000o\000n\000s}{section.3}% 5
\BOOKMARK [3][-]{subsubsection.3.2.1}{\376\377\000C\000i\000r\000c\000l\000e\000s}{subsection.3.2}% 6
\BOOKMARK [3][-]{subsubsection.3.2.2}{\376\377\000E\000l\000l\000i\000p\000s\000e\000s}{subsection.3.2}% 7
\BOOKMARK [3][-]{subsubsection.3.2.3}{\376\377\000H\000y\000p\000e\000r\000b\000o\000l\000a\000s}{subsection.3.2}% 8
\BOOKMARK [1][-]{section.4}{\376\377\000V\000e\000c\000t\000o\000r\000s\000\040\000a\000n\000d\000\040\000K\000i\000n\000e\000m\000a\000t\000i\000c\000s}{}% 9
\BOOKMARK [2][-]{subsection.4.1}{\376\377\000V\000e\000c\000t\000o\000r\000s\000\040\000T\000e\000c\000h}{section.4}% 10
\BOOKMARK [3][-]{subsubsection.4.1.1}{\376\377\000n\000o\000r\000m\000\050\000a\000\051}{subsection.4.1}% 11
\BOOKMARK [3][-]{subsubsection.4.1.2}{\376\377\000u\000n\000i\000t\000V\000\050\000a\000\051}{subsection.4.1}% 12
\BOOKMARK [3][-]{subsubsection.4.1.3}{\376\377\000d\000o\000t\000P\000\050\000a\000,\000b\000\051}{subsection.4.1}% 13
\BOOKMARK [3][-]{subsubsection.4.1.4}{\376\377\000c\000r\000o\000s\000s\000P\000\050\000a\000,\000b\000\051}{subsection.4.1}% 14
\BOOKMARK [3][-]{subsubsection.4.1.5}{\376\377\000s\000a\000m\000\137\000v\000e\000c\000t\000o\000r\000s\000\134\000v\000a\000n\000g\000\050\000a\000,\000b\000\051}{subsection.4.1}% 15
\BOOKMARK [3][-]{subsubsection.4.1.6}{\376\377\000s\000a\000m\000\137\000v\000e\000c\000t\000o\000r\000s\000\134\000v\000e\000c\000r\000e\000s\000\050\000a\000,\000b\000\051}{subsection.4.1}% 16
\BOOKMARK [3][-]{subsubsection.4.1.7}{\376\377\000s\000a\000m\000\137\000v\000e\000c\000t\000o\000r\000s\000\134\000l\000i\000n\000d\000e\000p\000\050\000a\000,\000b\000,\000c\000,\000p\000\051}{subsection.4.1}% 17
\BOOKMARK [2][-]{subsection.4.2}{\376\377\000A\000n\000l\000e\000s\000\040\000B\000e\000t\000w\000e\000e\000n\000\040\000V\000e\000c\000t\000o\000r\000s}{section.4}% 18
\BOOKMARK [2][-]{subsection.4.3}{\376\377\000L\000i\000n\000e\000a\000r\000\040\000D\000e\000p\000e\000n\000d\000e\000n\000c\000e}{section.4}% 19
\BOOKMARK [2][-]{subsection.4.4}{\376\377\000S\000c\000a\000l\000a\000r\000\040\000P\000r\000o\000d\000u\000c\000t}{section.4}% 20
\BOOKMARK [2][-]{subsection.4.5}{\376\377\000V\000e\000c\000t\000o\000r\000\040\000a\000n\000d\000\040\000S\000c\000a\000l\000a\000r\000\040\000R\000e\000s\000o\000l\000u\000t\000e\000s}{section.4}% 21
\BOOKMARK [2][-]{subsection.4.6}{\376\377\000V\000e\000c\000t\000o\000r\000\040\000P\000r\000o\000o\000f}{section.4}% 22
\BOOKMARK [2][-]{subsection.4.7}{\376\377\000V\000e\000c\000t\000o\000r\000\040\000E\000q\000u\000a\000t\000i\000o\000n\000s}{section.4}% 23
\BOOKMARK [2][-]{subsection.4.8}{\376\377\000I\000n\000t\000e\000r\000s\000e\000c\000t\000i\000o\000n\000s\000\040\000a\000n\000d\000\040\000S\000k\000e\000w\000\040\000L\000i\000n\000e\000s}{section.4}% 24
\BOOKMARK [3][-]{subsubsection.4.8.1}{\376\377\000L\000i\000n\000e\000s\000\040\000i\000n\000\040\0002\000D\000\040\000S\000p\000a\000c\000e}{subsection.4.8}% 25
\BOOKMARK [3][-]{subsubsection.4.8.2}{\376\377\000L\000i\000n\000e\000s\000\040\000i\000n\000\040\0003\000D\000\040\000S\000p\000a\000c\000e}{subsection.4.8}% 26
\BOOKMARK [2][-]{subsection.4.9}{\376\377\000V\000e\000c\000t\000o\000r\000\040\000P\000r\000o\000d\000u\000c\000t\000\040\000\050\000C\000r\000o\000s\000s\000\040\000P\000r\000o\000d\000u\000c\000t\000\051}{section.4}% 27
\BOOKMARK [2][-]{subsection.4.10}{\376\377\000V\000e\000c\000t\000o\000r\000\040\000E\000q\000u\000a\000t\000i\000o\000n\000s\000\040\000o\000f\000\040\000P\000l\000a\000n\000e\000s}{section.4}% 28
\BOOKMARK [2][-]{subsection.4.11}{\376\377\000D\000i\000s\000t\000a\000n\000c\000e\000s\000,\000\040\000A\000n\000g\000l\000e\000s\000,\000\040\000I\000n\000t\000e\000r\000s\000e\000c\000t\000i\000o\000n\000s\000\040\000o\000f\000\040\000P\000l\000a\000n\000e\000s}{section.4}% 29
\BOOKMARK [3][-]{subsubsection.4.11.1}{\376\377\000D\000i\000s\000t\000a\000n\000c\000e\000s}{subsection.4.11}% 30
\BOOKMARK [3][-]{subsubsection.4.11.2}{\376\377\000I\000n\000t\000e\000r\000s\000e\000c\000t\000i\000o\000n\000s\000\040\000a\000n\000d\000\040\000A\000n\000g\000l\000e\000s}{subsection.4.11}% 31
\BOOKMARK [2][-]{subsection.4.12}{\376\377\000P\000a\000r\000a\000m\000e\000t\000r\000i\000c\000\040\000V\000e\000c\000t\000o\000r\000\040\000E\000q\000u\000a\000t\000i\000o\000n\000s}{section.4}% 32
\BOOKMARK [2][-]{subsection.4.13}{\376\377\000S\000U\000V\000A\000T\000\040\000a\000n\000d\000\040\000C\000o\000n\000s\000t\000a\000n\000t\000\040\000A\000c\000c\000e\000l\000e\000r\000a\000t\000i\000o\000n}{section.4}% 33
\BOOKMARK [2][-]{subsection.4.14}{\376\377\000V\000e\000l\000o\000c\000i\000t\000y\000-\000T\000i\000m\000e\000\040\000G\000r\000a\000p\000h\000s}{section.4}% 34
\BOOKMARK [2][-]{subsection.4.15}{\376\377\000V\000e\000c\000t\000o\000r\000\040\000F\000u\000n\000c\000t\000i\000o\000n\000s}{section.4}% 35
\BOOKMARK [3][-]{subsubsection.4.15.1}{\376\377\000D\000e\000s\000c\000r\000i\000b\000i\000n\000g\000\040\000P\000a\000r\000t\000i\000c\000l\000e\000'\000s\000\040\000P\000a\000t\000h}{subsection.4.15}% 36
\BOOKMARK [3][-]{subsubsection.4.15.2}{\376\377\000D\000e\000s\000c\000r\000i\000b\000i\000n\000g\000\040\000C\000u\000r\000v\000e\000s\000\040\000w\000i\000t\000h\000\040\000V\000e\000c\000t\000o\000r\000\040\000F\000u\000n\000c\000t\000i\000o\000n\000s}{subsection.4.15}% 37
\BOOKMARK [2][-]{subsection.4.16}{\376\377\000P\000o\000s\000i\000t\000i\000o\000n\000\040\000V\000e\000c\000t\000o\000r\000s\000\040\000a\000s\000\040\000a\000\040\000F\000u\000n\000c\000t\000i\000o\000n\000\040\000o\000f\000\040\000T\000i\000m\000e}{section.4}% 38
\BOOKMARK [2][-]{subsection.4.17}{\376\377\000V\000e\000c\000t\000o\000r\000\040\000C\000a\000l\000c\000u\000l\000u\000s}{section.4}% 39
\BOOKMARK [3][-]{subsubsection.4.17.1}{\376\377\000P\000r\000o\000p\000e\000r\000t\000i\000e\000s\000\040\000o\000f\000\040\000V\000e\000c\000t\000o\000r\000\040\000D\000e\000r\000i\000v\000a\000t\000i\000v\000e\000s}{subsection.4.17}% 40
\BOOKMARK [3][-]{subsubsection.4.17.2}{\376\377\000V\000e\000l\000o\000c\000i\000t\000y\000\040\000a\000n\000d\000\040\000A\000c\000c\000e\000l\000e\000r\000a\000t\000i\000o\000n\000\040\000A\000l\000o\000n\000g\000\040\000a\000\040\000C\000u\000r\000v\000e}{subsection.4.17}% 41
\BOOKMARK [1][-]{section.5}{\376\377\000C\000o\000m\000p\000l\000e\000x\000\040\000N\000u\000m\000b\000e\000r\000s}{}% 42
\BOOKMARK [2][-]{subsection.5.1}{\376\377\000T\000e\000c\000h}{section.5}% 43
\BOOKMARK [3][-]{subsubsection.5.1.1}{\376\377\000L\000i\000n\000e\000s\000\040\000i\000n\000\040\000t\000h\000e\000\040\000C\000o\000m\000p\000l\000e\000x\000\040\000P\000l\000a\000n\000e}{subsection.5.1}% 44
\BOOKMARK [3][-]{subsubsection.5.1.2}{\376\377\000R\000e\000l\000a\000t\000i\000o\000n\000s\000\040\000w\000i\000t\000h\000\040\000A\000r\000g\000u\000m\000e\000n\000t\000s\000\040\000i\000n\000\040\000t\000h\000e\000\040\000C\000o\000m\000p\000l\000e\000x\000\040\000P\000l\000a\000n\000e}{subsection.5.1}% 45
\BOOKMARK [2][-]{subsection.5.2}{\376\377\000O\000p\000e\000r\000a\000t\000i\000o\000n\000s\000\040\000o\000f\000\040\000C\000o\000m\000p\000l\000e\000x\000\040\000N\000u\000m\000b\000e\000r\000s\000\040\000i\000n\000\040\000C\000a\000r\000t\000e\000s\000i\000a\000n\000\040\000F\000o\000r\000m}{section.5}% 46
\BOOKMARK [2][-]{subsection.5.3}{\376\377\000P\000r\000o\000p\000e\000r\000t\000i\000e\000s\000\040\000o\000f\000\040\000C\000o\000n\000j\000u\000g\000a\000t\000e\000s}{section.5}% 47
\BOOKMARK [2][-]{subsection.5.4}{\376\377\000P\000o\000l\000a\000r\000\040\000F\000o\000r\000m\000\040\000O\000p\000e\000r\000a\000t\000i\000o\000n\000s}{section.5}% 48
\BOOKMARK [2][-]{subsection.5.5}{\376\377\000Q\000u\000a\000d\000r\000a\000t\000i\000c\000s\000\040\000o\000v\000e\000r\000\040\000C\000o\000m\000p\000l\000e\000x\000\040\000N\000u\000m\000b\000e\000r\000s}{section.5}% 49
\BOOKMARK [2][-]{subsection.5.6}{\376\377\000P\000o\000l\000y\000n\000o\000m\000i\000a\000l\000s\000\040\000o\000v\000e\000r\000\040\000C\000o\000m\000p\000l\000e\000x\000\040\000N\000u\000m\000b\000e\000r\000s}{section.5}% 50
\BOOKMARK [2][-]{subsection.5.7}{\376\377\000S\000o\000l\000v\000i\000n\000g\000\040\000w\000i\000t\000h\000\040\000D\000e\000\040\000M\000o\000i\000v\000r\000e}{section.5}% 51
\BOOKMARK [2][-]{subsection.5.8}{\376\377\000S\000u\000b\000s\000e\000t\000s\000\040\000o\000f\000\040\000C\000o\000m\000p\000l\000e\000x\000\040\000P\000l\000a\000n\000e}{section.5}% 52
\BOOKMARK [3][-]{subsubsection.5.8.1}{\376\377\000C\000i\000r\000c\000l\000e\000s}{subsection.5.8}% 53
\BOOKMARK [3][-]{subsubsection.5.8.2}{\376\377\000L\000i\000n\000e\000s}{subsection.5.8}% 54
\BOOKMARK [3][-]{subsubsection.5.8.3}{\376\377\000R\000a\000y\000s}{subsection.5.8}% 55
\BOOKMARK [3][-]{subsubsection.5.8.4}{\376\377\000H\000y\000p\000e\000r\000b\000o\000l\000a\000s}{subsection.5.8}% 56
\BOOKMARK [1][-]{section.6}{\376\377\000L\000o\000g\000i\000c\000\040\000a\000n\000d\000\040\000P\000r\000o\000o\000f}{}% 57
\BOOKMARK [2][-]{subsection.6.1}{\376\377\000C\000o\000n\000v\000e\000r\000s\000e\000s\000,\000\040\000N\000e\000g\000a\000t\000i\000o\000n\000s\000,\000\040\000C\000o\000n\000t\000r\000a\000p\000o\000s\000i\000t\000i\000v\000e\000s}{section.6}% 58
\BOOKMARK [2][-]{subsection.6.2}{\376\377\000P\000r\000o\000o\000f\000\040\000o\000f\000\040\000E\000q\000u\000i\000v\000a\000l\000e\000n\000t\000\040\000S\000t\000a\000t\000e\000m\000e\000n\000t\000s}{section.6}% 59
\BOOKMARK [2][-]{subsection.6.3}{\376\377\000P\000r\000o\000o\000f\000\040\000b\000y\000\040\000C\000o\000n\000t\000r\000a\000d\000i\000c\000t\000i\000o\000n}{section.6}% 60
\BOOKMARK [2][-]{subsection.6.4}{\376\377\000Q\000u\000a\000n\000t\000i\000f\000i\000e\000r\000s\000\040\000a\000n\000d\000\040\000C\000o\000u\000n\000t\000e\000r\000e\000x\000a\000m\000p\000l\000e\000s}{section.6}% 61
\BOOKMARK [3][-]{subsubsection.6.4.1}{\376\377\000N\000e\000g\000a\000t\000i\000o\000n\000s\000\040\000w\000i\000t\000h\000\040\000Q\000u\000a\000n\000t\000i\000f\000i\000e\000r\000s}{subsection.6.4}% 62
\BOOKMARK [3][-]{subsubsection.6.4.2}{\376\377\000P\000r\000o\000d\000u\000c\000t\000\040\000a\000n\000d\000\040\000S\000u\000m\000\040\000N\000o\000t\000a\000t\000i\000o\000n}{subsection.6.4}% 63
\BOOKMARK [1][-]{section.7}{\376\377\000C\000i\000r\000c\000u\000l\000a\000r\000\040\000F\000u\000n\000c\000t\000i\000o\000n\000s}{}% 64
\BOOKMARK [2][-]{subsection.7.1}{\376\377\000T\000e\000c\000h}{section.7}% 65
\BOOKMARK [2][-]{subsection.7.2}{\376\377\000S\000o\000l\000u\000t\000i\000o\000n\000s\000\040\000o\000f\000\040\000E\000q\000u\000a\000t\000i\000o\000n\000s\000\040\000w\000i\000t\000h\000\040\000C\000i\000r\000c\000u\000l\000a\000r\000\040\000F\000u\000n\000c\000t\000i\000o\000n\000s}{section.7}% 66
\BOOKMARK [1][-]{section.8}{\376\377\000S\000t\000a\000t\000s\000\040\000a\000n\000d\000\040\000P\000r\000o\000b\000a\000b\000i\000l\000i\000t\000y\000\040\000:\000s\000k\000u\000l\000l\000:}{}% 67
\BOOKMARK [2][-]{subsection.8.1}{\376\377\000T\000e\000c\000h}{section.8}% 68
\BOOKMARK [3][-]{subsubsection.8.1.1}{\376\377\000s\000a\000m\000\137\000p\000r\000o\000b\000\134\000b\000p\000d\000\050\000n\000,\000p\000,\000l\000o\000w\000e\000r\000,\000u\000p\000p\000e\000r\000\051}{subsection.8.1}% 69
\BOOKMARK [3][-]{subsubsection.8.1.2}{\376\377\000s\000a\000m\000\137\000p\000r\000o\000b\000\134\000p\000d\000a\000n\000a\000l\000\050\000x\000,\000p\000x\000\051}{subsection.8.1}% 70
\BOOKMARK [3][-]{subsubsection.8.1.3}{\376\377\000s\000c\000r\000i\000p\000t\000e\000d\000m\000a\000t\000h\000\134\000e\000x\000p\000e\000c\000\050\000f\000\050\000x\000\051\000,\000x\000\051}{subsection.8.1}% 71
\BOOKMARK [3][-]{subsubsection.8.1.4}{\376\377\000s\000c\000r\000i\000p\000t\000e\000d\000m\000a\000t\000h\000\134\000v\000a\000r\000\050\000f\000\050\000x\000\051\000,\000x\000\051}{subsection.8.1}% 72
\BOOKMARK [3][-]{subsubsection.8.1.5}{\376\377\000s\000c\000r\000i\000p\000t\000e\000d\000m\000a\000t\000h\000\134\000s\000d\000\050\000f\000\050\000x\000\051\000,\000x\000\051}{subsection.8.1}% 73
\BOOKMARK [3][-]{subsubsection.8.1.6}{\376\377\000s\000c\000r\000i\000p\000t\000e\000d\000m\000a\000t\000h\000\134\000m\000o\000d\000e\000\050\000l\000i\000s\000t\000,\000f\000r\000e\000q\000l\000i\000s\000t\000\051}{subsection.8.1}% 74
\BOOKMARK [3][-]{subsubsection.8.1.7}{\376\377\000s\000c\000r\000i\000p\000t\000e\000d\000m\000a\000t\000h\000\134\000n\000s\000\050\000e\000q\000,\000v\000a\000r\000\051}{subsection.8.1}% 75
\BOOKMARK [3][-]{subsubsection.8.1.8}{\376\377\000n\000o\000r\000m\000c\000d\000f\000\050\000l\000o\000w\000e\000r\000,\000\040\000u\000p\000p\000e\000r\000,\000\040\000,\000\040\000\051}{subsection.8.1}% 76
\BOOKMARK [3][-]{subsubsection.8.1.9}{\376\377\000i\000n\000v\000n\000o\000r\000m\000\050\000l\000e\000f\000t\000\040\000t\000a\000i\000l\000\040\000p\000r\000o\000b\000,\000\040\000,\000\040\000\051}{subsection.8.1}% 77
\BOOKMARK [3][-]{subsubsection.8.1.10}{\376\377\000s\000a\000m\000\137\000p\000r\000o\000b\000\134\000n\000o\000r\000m\000s\000u\000m\000\050\000x\0001\000,\000l\000t\000p\0001\000,\000x\0002\000,\000l\000t\000p\0002\000\051}{subsection.8.1}% 78
\BOOKMARK [3][-]{subsubsection.8.1.11}{\376\377\000S\000i\000m\000u\000l\000a\000t\000i\000n\000g\000\040\000S\000a\000m\000p\000l\000e\000\040\000M\000e\000a\000n\000s}{subsection.8.1}% 79
\BOOKMARK [3][-]{subsubsection.8.1.12}{\376\377\000C\000o\000n\000f\000i\000d\000e\000n\000c\000e\000\040\000I\000n\000t\000e\000r\000v\000a\000l}{subsection.8.1}% 80
\BOOKMARK [3][-]{subsubsection.8.1.13}{\376\377\000H\000y\000p\000o\000t\000h\000e\000s\000i\000s\000\040\000T\000e\000s\000t\000i\000n\000g\000\040\000-\000\040\000O\000n\000e\000\040\000T\000a\000i\000l}{subsection.8.1}% 81
\BOOKMARK [3][-]{subsubsection.8.1.14}{\376\377\000n\000S\000o\000l\000v\000e\000\040\000f\000o\000r\000\040\000b\000r\000u\000t\000e\000\040\000f\000o\000r\000c\000e\000\040\000s\000o\000l\000v\000i\000n\000g}{subsection.8.1}% 82
\BOOKMARK [3][-]{subsubsection.8.1.15}{\376\377\000T\000y\000p\000e\000\040\000I\000I\000\040\000E\000r\000r\000o\000r\000\040\000P\000r\000o\000b\000a\000b\000i\000l\000i\000t\000y}{subsection.8.1}% 83
\BOOKMARK [2][-]{subsection.8.2}{\376\377\000L\000i\000n\000e\000a\000r\000\040\000F\000u\000n\000c\000t\000i\000o\000n\000s\000\040\000o\000f\000\040\000R\000a\000n\000d\000o\000m\000\040\000V\000a\000r\000i\000a\000b\000l\000e\000s}{section.8}% 84
\BOOKMARK [2][-]{subsection.8.3}{\376\377\000L\000i\000n\000e\000a\000r\000\040\000C\000o\000m\000b\000i\000n\000a\000t\000i\000o\000n\000\040\000o\000f\000\040\000R\000a\000n\000d\000o\000m\000\040\000V\000a\000r\000i\000a\000b\000l\000e\000s}{section.8}% 85
\BOOKMARK [2][-]{subsection.8.4}{\376\377\000S\000a\000m\000p\000l\000e\000\040\000M\000e\000a\000n\000\040\000o\000f\000\040\000a\000\040\000N\000o\000r\000m\000a\000l\000\040\000R\000a\000n\000d\000o\000m\000\040\000V\000a\000r\000i\000a\000b\000l\000e}{section.8}% 86
\BOOKMARK [2][-]{subsection.8.5}{\376\377\000N\000o\000r\000m\000a\000l\000\040\000A\000p\000p\000r\000o\000x\000i\000m\000a\000t\000i\000o\000n\000\040\000o\000f\000\040\000S\000a\000m\000p\000l\000e\000\040\000P\000r\000o\000p\000o\000r\000t\000i\000o\000n\000s}{section.8}% 87
\BOOKMARK [2][-]{subsection.8.6}{\376\377\000D\000i\000s\000t\000r\000i\000b\000u\000t\000i\000o\000n\000\040\000o\000f\000\040\000t\000h\000e\000\040\000s\000a\000m\000p\000l\000e\000\040\000m\000e\000a\000n}{section.8}% 88
\BOOKMARK [2][-]{subsection.8.7}{\376\377\000C\000o\000n\000f\000i\000d\000e\000n\000c\000e\000\040\000I\000n\000t\000e\000r\000v\000a\000l\000s\000\040\000f\000o\000r\000\040\000t\000h\000e\000\040\000P\000o\000p\000u\000l\000a\000t\000i\000o\000n\000\040\000M\000e\000a\000n}{section.8}% 89
\BOOKMARK [2][-]{subsection.8.8}{\376\377\000H\000y\000p\000o\000t\000h\000e\000s\000i\000s\000\040\000T\000e\000s\000t\000i\000n\000g\000\040\000f\000o\000r\000\040\000M\000e\000a\000n}{section.8}% 90
\BOOKMARK [3][-]{subsubsection.8.8.1}{\376\377\000O\000n\000e\000-\000t\000a\000i\000l\000\040\000t\000e\000s\000t\000s}{subsection.8.8}% 91
\BOOKMARK [3][-]{subsubsection.8.8.2}{\376\377\000T\000w\000o\000-\000t\000a\000i\000l\000\040\000t\000e\000s\000t\000s}{subsection.8.8}% 92
\BOOKMARK [3][-]{subsubsection.8.8.3}{\376\377\000R\000e\000l\000a\000t\000i\000o\000n\000\040\000t\000o\000\040\000C\000o\000n\000f\000i\000d\000e\000n\000c\000e\000\040\000I\000n\000t\000e\000r\000v\000a\000l\000s}{subsection.8.8}% 93
\BOOKMARK [3][-]{subsubsection.8.8.4}{\376\377\000H\000y\000p\000o\000t\000h\000e\000s\000i\000s\000\040\000T\000e\000s\000t\000i\000n\000g\000\040\000E\000r\000r\000o\000r\000s}{subsection.8.8}% 94
\BOOKMARK [1][-]{section.9}{\376\377\000D\000i\000f\000f\000e\000r\000e\000n\000t\000i\000a\000l\000\040\000C\000a\000l\000c\000u\000l\000u\000s}{}% 95
\BOOKMARK [2][-]{subsection.9.1}{\376\377\000D\000e\000r\000i\000v\000a\000t\000i\000v\000e\000s\000\040\000o\000f\000\040\000x\000=\000f\000\050\000y\000\051}{section.9}% 96
\BOOKMARK [2][-]{subsection.9.2}{\376\377\000D\000e\000r\000i\000v\000a\000t\000i\000v\000e\000s\000\040\000o\000f\000\040\000I\000n\000v\000e\000r\000s\000e\000\040\000C\000i\000r\000c\000u\000l\000a\000r\000\040\000F\000u\000n\000c\000t\000i\000o\000n\000s}{section.9}% 97
\BOOKMARK [2][-]{subsection.9.3}{\376\377\000S\000e\000c\000o\000n\000d\000\040\000D\000e\000r\000i\000v\000a\000t\000i\000v\000e\000s}{section.9}% 98
\BOOKMARK [2][-]{subsection.9.4}{\376\377\000P\000o\000i\000n\000t\000s\000\040\000o\000f\000\040\000I\000n\000f\000l\000e\000c\000t\000i\000o\000n}{section.9}% 99
\BOOKMARK [2][-]{subsection.9.5}{\376\377\000R\000e\000l\000a\000t\000e\000d\000\040\000R\000a\000t\000e\000s}{section.9}% 100
\BOOKMARK [2][-]{subsection.9.6}{\376\377\000R\000a\000t\000i\000o\000n\000a\000l\000\040\000F\000u\000n\000c\000t\000i\000o\000n\000s}{section.9}% 101
\BOOKMARK [1][-]{section.10}{\376\377\000I\000n\000t\000e\000g\000r\000a\000l\000\040\000C\000a\000l\000c\000u\000l\000u\000s}{}% 102
\BOOKMARK [2][-]{subsection.10.1}{\376\377\000R\000u\000l\000e\000s}{section.10}% 103
\BOOKMARK [3][-]{subsubsection.10.1.1}{\376\377\000D\000e\000f\000i\000n\000i\000t\000e\000\040\000I\000n\000t\000e\000g\000r\000a\000l}{subsection.10.1}% 104
\BOOKMARK [2][-]{subsection.10.2}{\376\377\000I\000n\000v\000e\000r\000s\000e\000\040\000C\000i\000r\000c\000u\000l\000a\000r\000\040\000F\000u\000n\000c\000t\000i\000o\000n\000s}{section.10}% 105
\BOOKMARK [2][-]{subsection.10.3}{\376\377\000u\000-\000S\000u\000b\000s\000t\000i\000t\000u\000t\000i\000o\000n}{section.10}% 106
\BOOKMARK [2][-]{subsection.10.4}{\376\377\000I\000n\000t\000e\000g\000r\000a\000t\000i\000o\000n\000\040\000b\000y\000\040\000T\000r\000i\000g\000\040\000I\000d\000e\000n\000t\000i\000t\000i\000e\000s}{section.10}% 107
\BOOKMARK [2][-]{subsection.10.5}{\376\377\000P\000a\000r\000t\000i\000a\000l\000\040\000F\000r\000a\000c\000t\000i\000o\000n\000s}{section.10}% 108
\BOOKMARK [2][-]{subsection.10.6}{\376\377\000I\000n\000t\000e\000g\000r\000a\000t\000i\000o\000n\000\040\000b\000y\000\040\000P\000a\000r\000t\000s}{section.10}% 109
\BOOKMARK [2][-]{subsection.10.7}{\376\377\000P\000r\000o\000p\000e\000r\000t\000i\000e\000s\000\040\000o\000f\000\040\000t\000h\000e\000\040\000D\000e\000f\000i\000n\000i\000t\000e\000\040\000I\000n\000t\000e\000g\000r\000a\000l}{section.10}% 110
\BOOKMARK [2][-]{subsection.10.8}{\376\377\000A\000r\000e\000a\000\040\000B\000e\000t\000w\000e\000e\000n\000\040\000C\000u\000r\000v\000e\000s}{section.10}% 111
\BOOKMARK [2][-]{subsection.10.9}{\376\377\000V\000o\000l\000u\000m\000e\000s\000\040\000o\000f\000\040\000S\000o\000l\000i\000d\000s\000\040\000o\000f\000\040\000R\000e\000v\000o\000l\000u\000t\000i\000o\000n}{section.10}% 112
\BOOKMARK [2][-]{subsection.10.10}{\376\377\000L\000e\000n\000g\000t\000h\000s\000\040\000o\000f\000\040\000C\000u\000r\000v\000e\000s\000\040\000i\000n\000\040\000P\000l\000a\000n\000e}{section.10}% 113
\BOOKMARK [2][-]{subsection.10.11}{\376\377\000A\000r\000e\000a\000s\000\040\000o\000f\000\040\000S\000u\000r\000f\000a\000c\000e\000s\000\040\000o\000f\000\040\000R\000e\000v\000o\000l\000u\000t\000i\000o\000n}{section.10}% 114
\BOOKMARK [2][-]{subsection.10.12}{\376\377\000R\000e\000d\000u\000c\000t\000i\000o\000n\000\040\000F\000o\000r\000m\000u\000l\000a\000s}{section.10}% 115
\BOOKMARK [1][-]{section.11}{\376\377\000D\000i\000f\000f\000e\000r\000e\000n\000t\000i\000a\000l\000\040\000E\000q\000u\000a\000t\000i\000o\000n\000s}{}% 116
\BOOKMARK [2][-]{subsection.11.1}{\376\377\000T\000e\000c\000h}{section.11}% 117
\BOOKMARK [3][-]{subsubsection.11.1.1}{\376\377\000d\000e\000S\000o\000l\000v\000e\000\050\000d\000i\000f\000f\000e\000q\000,\000i\000v\000,\000d\000v\000\051}{subsection.11.1}% 118
\BOOKMARK [3][-]{subsubsection.11.1.2}{\376\377\000e\000u\000l\000e\000r\000\050\000d\000y\000d\000x\000,\000i\000v\000,\000d\000v\000,\000\173\000x\0000\000,\000x\0001\000\175\000,\000y\0000\000,\000h\000\051}{subsection.11.1}% 119
\BOOKMARK [2][-]{subsection.11.2}{\376\377\000V\000e\000r\000i\000f\000i\000c\000a\000t\000i\000o\000n\000\040\000o\000f\000\040\000S\000o\000l\000u\000t\000i\000o\000n\000s}{section.11}% 120
\BOOKMARK [2][-]{subsection.11.3}{\376\377\000D\000i\000f\000f\000E\000q\000s\000\040\000i\000n\000v\000o\000l\000v\000i\000n\000g\000\040\000f\000u\000n\000c\000t\000i\000o\000n\000\040\000o\000f\000\040\000t\000h\000e\000\040\000i\000n\000d\000e\000p\000e\000n\000d\000e\000n\000t\000\040\000v\000a\000r\000i\000a\000b\000l\000e}{section.11}% 121
\BOOKMARK [2][-]{subsection.11.4}{\376\377\000D\000i\000f\000f\000E\000q\000s\000\040\000i\000n\000v\000o\000l\000v\000i\000n\000g\000\040\000f\000u\000n\000c\000t\000i\000o\000n\000\040\000o\000f\000\040\000t\000h\000e\000\040\000d\000e\000p\000e\000n\000d\000e\000n\000t\000\040\000v\000a\000r\000i\000a\000b\000l\000e}{section.11}% 122
\BOOKMARK [2][-]{subsection.11.5}{\376\377\000L\000o\000g\000i\000s\000t\000i\000c\000\040\000D\000i\000f\000f\000E\000q}{section.11}% 123
\BOOKMARK [2][-]{subsection.11.6}{\376\377\000S\000e\000p\000a\000r\000a\000t\000i\000o\000n\000\040\000o\000f\000\040\000V\000a\000r\000i\000a\000b\000l\000e\000s}{section.11}% 124
\BOOKMARK [3][-]{subsubsection.11.6.1}{\376\377\000S\000o\000l\000v\000i\000n\000g}{subsection.11.6}% 125
\BOOKMARK [2][-]{subsection.11.7}{\376\377\000D\000i\000f\000f\000E\000q\000s\000\040\000+\000\040\000R\000e\000l\000a\000t\000e\000d\000\040\000R\000a\000t\000e\000s\000\040\000C\000r\000o\000s\000s\000o\000v\000e\000r\000\040\000E\000v\000e\000n\000t}{section.11}% 126
\BOOKMARK [2][-]{subsection.11.8}{\376\377\000D\000e\000f\000i\000n\000i\000t\000e\000\040\000I\000n\000t\000e\000g\000r\000a\000t\000i\000o\000n\000\040\000t\000o\000\040\000s\000o\000l\000v\000e\000\040\000D\000i\000f\000f\000E\000q\000s}{section.11}% 127
\BOOKMARK [2][-]{subsection.11.9}{\376\377\000N\000e\000w\000t\000o\000n\000'\000s\000\040\000L\000a\000w\000\040\000o\000f\000\040\000C\000o\000o\000l\000i\000n\000g\000\040\000D\000i\000f\000f\000E\000q}{section.11}% 128
\BOOKMARK [2][-]{subsection.11.10}{\376\377\000E\000u\000l\000e\000r\000'\000s\000\040\000M\000e\000t\000h\000o\000d}{section.11}% 129
\BOOKMARK [2][-]{subsection.11.11}{\376\377\000S\000l\000o\000p\000e\000\040\000F\000i\000e\000l\000d\000s}{section.11}% 130
\BOOKMARK [2][-]{subsection.11.12}{\376\377\000F\000i\000n\000d\000i\000n\000g\000\040\000S\000o\000l\000u\000t\000i\000o\000n\000s\000\040\000t\000o\000\040\000D\000i\000f\000f\000E\000q\000s}{section.11}% 131
\BOOKMARK [1][-]{section.12}{\376\377\000P\000s\000e\000u\000d\000o\000c\000o\000d\000e}{}% 132
\BOOKMARK [2][-]{subsection.12.1}{\376\377\000S\000y\000n\000t\000a\000x}{section.12}% 133
\BOOKMARK [1][-]{section.13}{\376\377\000O\000t\000h\000e\000r\000\040\000T\000e\000c\000h}{}% 134
\BOOKMARK [2][-]{subsection.13.1}{\376\377\000F\000u\000n\000c\000t\000i\000o\000n\000s}{section.13}% 135
\BOOKMARK [3][-]{subsubsection.13.1.1}{\376\377\000s\000c\000r\000i\000p\000t\000e\000d\000m\000a\000t\000h\000\134\000p\000o\000i\000\050\000f\000\050\000x\000\051\000,\000x\000\051}{subsection.13.1}% 136
\BOOKMARK [3][-]{subsubsection.13.1.2}{\376\377\000s\000c\000r\000i\000p\000t\000e\000d\000m\000a\000t\000h\000\134\000i\000n\000v\000\050\000f\000\050\000x\000\051\000,\000p\000o\000i\000n\000t\000X\000\051}{subsection.13.1}% 137
\BOOKMARK [3][-]{subsubsection.13.1.3}{\376\377\000s\000a\000m\000\137\000o\000t\000h\000e\000r\000\134\000n\000e\000w\000t\000o\000n\000r\000a\000p\000h\000s\000o\000n\000\050\000f\000,\000g\000,\000e\000,\000n\000\051}{subsection.13.1}% 138
\BOOKMARK [2][-]{subsection.13.2}{\376\377\000P\000a\000r\000a\000m\000e\000t\000r\000i\000c\000\040\000F\000u\000n\000c\000t\000i\000o\000n\000s}{section.13}% 139
\BOOKMARK [3][-]{subsubsection.13.2.1}{\376\377\000s\000c\000r\000i\000p\000t\000e\000d\000m\000a\000t\000h\000\134\000p\000d\000e\000r\000\050\000v\000f\000u\000n\000c\000,\000\040\000p\000a\000r\000a\000m\000e\000t\000e\000r\000\051}{subsection.13.2}% 140
\BOOKMARK [1][-]{section.14}{\376\377\000A\000d\000v\000a\000n\000c\000e\000d\000\040\000M\000a\000t\000h\000s}{}% 141
\BOOKMARK [2][-]{subsection.14.1}{\376\377\000T\000h\000e\000\040\000D\000e\000r\000i\000v\000a\000t\000i\000v\000e\000\040\000o\000f\000\040\000f\000\050\000x\000\051\000=\0004\000x\000+\0001}{section.14}% 142
\BOOKMARK [3][-]{subsubsection.14.1.1}{\376\377\000O\000u\000r\000\040\000T\000a\000b\000l\000e\000\040\000o\000f\000\040\000L\000a\000p\000l\000a\000c\000e\000\040\000T\000r\000a\000n\000s\000f\000o\000r\000m\000s}{subsection.14.1}% 143
\BOOKMARK [2][-]{subsection.14.2}{\376\377\000S\000a\000n\000d\000w\000i\000c\000h\000\040\000T\000h\000e\000o\000r\000e\000m}{section.14}% 144
\BOOKMARK [1][-]{section.15}{\376\377\000C\000h\000e\000e\000k\000y\000\040\000S\000n\000a\000c\000k}{}% 145
